Arguments: 
  D:\node\node.exe C:\Users\João\AppData\Roaming\npm\node_modules\yarn\bin\yarn.js add @adonis/lucid

PATH: 
  C:\ProgramData\Oracle\Java\javapath;C:\Python310\Scripts\;C:\Python310\;C:\WINDOWS\system32;C:\WINDOWS;C:\WINDOWS\System32\Wbem;C:\WINDOWS\System32\WindowsPowerShell\v1.0\;C:\WINDOWS\System32\OpenSSH\;D:\Git\cmd;D:\node\;C:\ProgramData\chocolatey\bin;C:\Users\João\AppData\Local\Microsoft\WindowsApps;C:\Users\João\AppData\Roaming\npm;D:\Microsoft VS Code\bin;

Yarn version: 
  1.22.17

Node version: 
  16.14.0

Platform: 
  win32 x64

Trace: 
  Error: https://registry.yarnpkg.com/@adonis%2flucid: Not found
      at Request.params.callback [as _callback] (C:\Users\João\AppData\Roaming\npm\node_modules\yarn\lib\cli.js:67029:18)
      at Request.self.callback (C:\Users\João\AppData\Roaming\npm\node_modules\yarn\lib\cli.js:140883:22)
      at Request.emit (node:events:520:28)
      at Request.<anonymous> (C:\Users\João\AppData\Roaming\npm\node_modules\yarn\lib\cli.js:141855:10)
      at Request.emit (node:events:520:28)
      at IncomingMessage.<anonymous> (C:\Users\João\AppData\Roaming\npm\node_modules\yarn\lib\cli.js:141777:12)
      at Object.onceWrapper (node:events:639:28)
      at IncomingMessage.emit (node:events:532:35)
      at endReadableNT (node:internal/streams/readable:1346:12)
      at processTicksAndRejections (node:internal/process/task_queues:83:21)

npm manifest: 
  {
    "name": "Adonis",
    "version": "1.0.0",
    "private": true,
    "scripts": {
      "dev": "node ace serve --watch",
      "build": "node ace build --production",
      "start": "node server.js"
    },
    "devDependencies": {
      "@adonisjs/assembler": "^5.6.2",
      "@japa/preset-adonis": "^1.0.15",
      "@japa/runner": "^2.0.7",
      "adonis-preset-ts": "^2.1.0",
      "pino-pretty": "^7.6.1",
      "typescript": "~4.6",
      "youch": "^3.2.0",
      "youch-terminal": "^2.1.3"
    },
    "dependencies": {
      "@adonisjs/auth": "^8.1.0",
      "@adonisjs/core": "^5.7.6",
      "@adonisjs/lucid": "^17.2.0",
      "@adonisjs/repl": "^3.1.10",
      "proxy-addr": "^2.0.7",
      "reflect-metadata": "^0.1.13",
      "source-map-support": "^0.5.21"
    }
  }

yarn manifest: 
  No manifest

Lockfile: 
  No lockfile
